1
2
3
4
5
6
7
8
9
10
11
12
13
14
15
16
17
18
19
20
21
22
23
24
25
26
27
28
29
30
31
32
33
34
35
36
37
38
39
40
41
42
43
44
45
46
47
48
49
50
51
52
53
54
55
56
57
58
59
60
61
62
63
64
65
66
67
68
69
70
71
72
73
74
75
76
77
78
79
80
81
82
83
84
85
86
87
88
89
90
91
92
93
94
95
96
97
98
99
100
1446
1449
1452
1455
1458
1461
1464
1470
1476
1482
1488
1494
1500
1506
1512
1518
1524
1530
1536
1542
1548
1554
1560
1566
1572
1578
1584
1590
1596
1602
1608
1614
1620
1626
1632
1638
1644
1650
1656
1662
1668
1674
1680
1686
1692
1698
1704
1710
1716
1722
1728
1734
1740
1746
1752
1758
1764
1770
1776
1782
1788
1794
1800
1806
1812
1818
1824
1830
1836
1842
1848
1854
1860
1866
1872
1878
1884
1890
1896
1902
1908
1914
1920
1926
1932
1938
1944
1950
1956
1962
1968
1974
1980
1986
1992
1998
2004
2010
2016
2022
2028
2034
2040
2046
2052
2058
2064
2070
2076
2082
2088
2094
2100
2106
2112
2118
2124
2130
2136
2142
2148
2154
2160
2166
2172
2178
2184
2190
2196
2202
2208
2214
2220
2226
2232
2238
2244
2250
2256
2262
2268
2274
2280
2286
2292
2298
2304
2310
2316
2322
2328
2334
2340
2346
2352
2358
2364
2370
2376
2382
2388
2394
2400
2406
2412
2418
2424
2430
2436
2442
2448
2454
2460
2466
2472
2478
2484
2490
2496
2502
2508
2514
2520
2526
2532
2538
2544
2550
2556
2562
2568
2574
2580
2586
2592
2598
2604
2610
2616
2622
2628
2634
2637
2640
2643
3234
3237
3240
3243
149
3790
3791
3814
-858993460
3919
293593
295303
295478
295653
295828
296003
296178
296353
296528
296703
296878
297053
297228
297403
297578
297753
297928
298103
298278
298453
298628
298803
298978
299153
299328
299503
299678
299853
300028
300203
300378
300553
300728
300903
301078
301253
301428
301603
301778
301953
302128
302303
302478
302653
302828
303003
303178
303353
303528
303703
303878
304053
304228
304403
304578
304753
304928
305103
305278
305453
305628
305803
305978
306153
306328
306503
306678
306853
307028
307203
307378
307553
307728
307903
308078
308253
308428
308603
308778
308953
309128
309303
309478
309653
309828
310003
310178
310353
310528
310703
310878
311053
311228
311403
311578
311753
311928
312103
312278
312453
312628
312803
312978
313153
313328
313503
313678
313853
314028
314203
314378
314553
314728
314903
315078
315253
315428
315603
315778
315953
316128
316303
316478
316653
316828
317003
317178
317353
317528
317703
317878
318053
318228
318403
318578
318753
318928
319103
319278
319453
319628
319803
319978
320153
320328
320503
320678
320853
321028
321203
321378
321553
321728
321903
322078
322253
322428
322603
322778
322953
323128
323303
323478
323653
323828
324003
324178
324353
324528
324703
324878
325053
325228
325403
325578
325753
325928
326103
326278
326453
326628
326803
326978
327153
327328
327503
327678
327853
328028
328203
328378
328553
328728
328903
329078
329253
329313
329318
329323
329328
329333
329338
329343
329348
329353
329358
329363
329368
329373
329378
329383
329388
329393
329398
329403
329408
329413
329418
329423
329428
329433
329438
329443
329448
329453
329458
329463
329468
329473
329478
329483
329488
329493
329498
329503
329508
329513
329518
329523
329528
329533
329538
329543
329548
329553
329558
329563
329568
329573
329578
329583
329588
329593
329598
329603
329608
329613
329618
329623
329628
329633
329638
329643
329648
329653
329658
329663
329668
329673
329678
329683
329688
329693
329698
329703
329708
329713
329718
329723
329728
329733
329738
329743
329748
329753
329758
329763
329768
329773
329778
329783
329788
329793
329798
329803
329808
329813
329818
329823
329828
329833
329838
329843
329848
329853
329858
329863
329868
329873
329878
329883
329888
329893
329898
329903
329908
329913
329918
329923
329928
329933
329938
329943
329948
329953
329958
329963
329968
329973
329978
329983
329988
329993
329998
330003
330008
330013
330018
330023
330028
330033
330038
330043
330048
330053
330058
330063
330068
330073
330078
330083
330088
330093
330098
330103
330108
330113
330118
330123
330128
330133
330138
330143
330148
330153
330158
330163
330168
330173
330178
330183
330188
330193
330198
330203
330208
330213
330218
330223
330228
330233
330238
330243
330248
330253
330258
330263
330268
330273
330278
330283
335275
